

***** Starting install of Accessible Routes at Fri Aug  4 15:23:58 UTC 2023 *****


Skipping npm install as node_modules is up to date

Accessible Routes install finished

> accessible-routes@0.1.0 dev
> webpack watch --mode development


> accessible-routes@0.1.0 start
> node src/server/server.js

Application running on port: 3000
assets by status 6.35 KiB [cached] 5 assets
asset bundle.js 3.63 MiB [compared for emit] (name: main)
orphan modules 38.2 KiB [orphan] 12 modules
runtime modules 2.6 KiB 9 modules
modules by path ./node_modules/ 2.89 MiB (javascript) 7.78 KiB (asset)
  javascript modules 2.89 MiB 346 modules
  asset modules 252 bytes (javascript) 7.78 KiB (asset)
    modules by path ./node_modules/leaflet/dist/ 126 bytes (javascript) 3.34 KiB (asset) 3 modules
    modules by path ./node_modules/react-leaflet-cluster/lib/ 126 bytes (javascript) 4.44 KiB (asset)
      ./node_modules/react-leaflet-cluster/lib/assets/marker-icon-2x.png 42 bytes (javascript) 2.41 KiB (asset) [built] [code generated]
      + 2 modules
modules by path ./src/client/app/ 10.9 KiB
  modules by path ./src/client/app/components/*.tsx 5.32 KiB 4 modules
  modules by path ./src/client/app/reducers/*.ts 1.58 KiB 3 modules
  modules by path ./src/client/app/*.css 2.13 KiB 2 modules
  + 3 modules
webpack 5.88.2 compiled successfully in 3984 ms
